<?xml version="1.0" encoding="UTF-8"?>
<!-- Generated by org.testng.reporters.JUnitReportReporter -->
<testsuite skipped="0" hostname="AGI-LT-1074" name="com.aris.MVN_Assessment_Project.BlazeDemo_FlightBooking_Test" tests="5" failures="0" timestamp="7 Oct 2021 03:05:41 GMT" time="12.438" errors="0">
  <testcase name="ValidateCinfirmationPage" time="3.397" classname="com.aris.MVN_Assessment_Project.BlazeDemo_FlightBooking_Test"/>
  <testcase name="PrintConfirmedData" time="0.237" classname="com.aris.MVN_Assessment_Project.BlazeDemo_FlightBooking_Test"/>
  <testcase name="ValidateBlazeDemoHome" time="5.233" classname="com.aris.MVN_Assessment_Project.BlazeDemo_FlightBooking_Test"/>
  <testcase name="ValidatePurchasePage" time="2.709" classname="com.aris.MVN_Assessment_Project.BlazeDemo_FlightBooking_Test"/>
  <testcase name="ValidateReservePage" time="0.862" classname="com.aris.MVN_Assessment_Project.BlazeDemo_FlightBooking_Test"/>
</testsuite> <!-- com.aris.MVN_Assessment_Project.BlazeDemo_FlightBooking_Test -->
